CGI Response Status: 200
CGI Response Headers: 
CGI Response Body Length: 1
CGI Response Status: 200
CGI Response Headers: 
CGI Response Body Length: 1
CGI Response Status: 200
CGI Response Headers: 
CGI Response Body Length: 1
CGI Response Status: 200
CGI Response Headers: 
CGI Response Body Length: 1
CGI Response Status: 200
CGI Response Headers: 
CGI Response Body Length: 0
CGI Response Status: 200
CGI Response Headers: 
CGI Response Body Length: 1
CGI Response Status: 200
CGI Response Headers: 
CGI Response Body Length: 2
CGI Response Status: 200
CGI Response Headers: 
CGI Response Body Length: 3
CGI Response Status: 200
CGI Response Headers: 
CGI Response Body Length: 1
CGI Response Status: 200
CGI Response Headers: 
CGI Response Body Length: 0
CGI Response Status: 200
CGI Response Headers: 
CGI Response Body Length: 1
CGI Response Status: 200
CGI Response Headers: 
CGI Response Body Length: 1
CGI Response Status: 200
CGI Response Headers: 
CGI Response Body Length: 0
CGI Response Status: 200
CGI Response Headers: 
CGI Response Body Length: 1
CGI Response Status: 200
CGI Response Headers: 
CGI Response Body Length: 2
CGI Response Status: 200
CGI Response Headers: 
CGI Response Body Length: 1
CGI Response Status: 200
CGI Response Headers: 
CGI Response Body Length: 0
CGI Response Status: 200
CGI Response Headers: 
CGI Response Body Length: 1
CGI Response Status: 200
CGI Response Headers: 
CGI Response Body Length: 1
CGI Response Status: 200
CGI Response Headers: 
CGI Response Body Length: 1
CGI Response Status: 200
CGI Response Headers: 
CGI Response Body Length: 1
CGI Response Status: 200
CGI Response Headers: 
CGI Response Body Length: 1
CGI Response Status: 200
CGI Response Headers: 
CGI Response Body Length: 1
CGI Response Status: 200
CGI Response Headers: 
CGI Response Body Length: 1
CGI Response Status: 200
CGI Response Headers: 
CGI Response Body Length: 1
CGI Response Status: 200
CGI Response Headers: 
CGI Response Body Length: 1
CGI Response Status: 200
CGI Response Headers: 
CGI Response Body Length: 1
CGI Response Status: 200
CGI Response Headers: 
CGI Response Body Length: 1
CGI Response Status: 200
CGI Response Headers: 
CGI Response Body Length: 1159
CGI Response Status: 200
CGI Response Headers: 
CGI Response Body Length: 1159
CGI Response Status: 200
CGI Response Headers: 
CGI Response Body Length: 1159
CGI Response Status: 200
CGI Response Headers: 
CGI Response Body Length: 1159
CGI Response Status: 200
CGI Response Headers: 
CGI Response Body Length: 1159
CGI Response Status: 200
CGI Response Headers: 
Set-Cookie: user=firstVisit; expires=Tue, 11-Feb-2025 17:10:50 GMT; Max-Age=3600
CGI Response Body Length: 48
CGI Response Status: 200
CGI Response Headers: 
CGI Response Body Length: 84201
CGI Response Status: 200
CGI Response Headers: 
CGI Response Body Length: 84201
CGI Response Status: 200
CGI Response Headers: 
CGI Response Body Length: 84201
CGI Response Status: 200
CGI Response Headers: 
Content-type: text/html; charset=UTF-8
CGI Response Body Length: 84213
CGI Response Status: 200
CGI Response Headers: 
Content-type: text/html; charset=UTF-8
CGI Response Body Length: 244
CGI Response Status: 200
CGI Response Headers: 
Content-type: text/html; charset=UTF-8
CGI Response Body Length: 244
CGI Response Status: 200
CGI Response Headers: 
Content-type: text/html; charset=UTF-8
CGI Response Body Length: 1159
CGI Response Status: 200
CGI Response Headers: 
Content-type: text/html; charset=UTF-8
CGI Response Body Length: 1390
CGI Response Status: 200
CGI Response Headers: 
Content-type: text/html; charset=UTF-8
CGI Response Body Length: 1310
CGI Response Status: 200
CGI Response Headers: 
Content-type: text/html; charset=UTF-8
CGI Response Body Length: 1369
CGI Response Status: 200
CGI Response Headers: 
Content-Type: application/json
CGI Response Body Length: 174
CGI Response Status: 200
CGI Response Headers: 
Content-type: text/html; charset=UTF-8
CGI Response Body Length: 84201
CGI Response Status: 200
CGI Response Headers: 
Content-type: text/html; charset=UTF-8
PHP Warning: file_get_contents(http://127.0.0.3:1337/post.ccxvgi): Failed to open stream: Connection refused in /home/mbentahi/final_webserv1/www/post.php on line 27
CGI Response Body Length: 44
CGI Response Status: 403
CGI Response Headers: 
Content-type: text/html; charset=UTF-8
PHP Warning: file_get_contents(http://127.0.0.3:1337/post.ccxvgi): Failed to open stream: Connection refused in /home/mbentahi/final_webserv1/www/post.php on line 27
CGI Response Body Length: 44
CGI Response Status: 200
CGI Response Headers: 
Content-type: text/html; charset=UTF-8
CGI Response Body Length: 83977
CGI Response Status: 200
CGI Response Headers: 
Content-type: text/html; charset=UTF-8
CGI Response Body Length: 244
CGI Response Status: 200
CGI Response Headers: 
Content-type: text/html; charset=UTF-8
CGI Response Body Length: 1159
CGI Response Status: 200
CGI Response Headers: 
Content-type: text/html; charset=UTF-8
CGI Response Body Length: 1390
CGI Response Status: 200
CGI Response Headers: 
Content-type: text/html; charset=UTF-8
CGI Response Body Length: 1197
CGI Response Status: 200
CGI Response Headers: 
Content-type: text/html; charset=UTF-8
CGI Response Body Length: 1369
CGI Response Status: 200
CGI Response Headers: 
Content-Type: application/json
CGI Response Body Length: 174
CGI Response Status: 200
CGI Response Headers: 
Content-type: text/html; charset=UTF-8
CGI Response Body Length: 244
CGI Response Status: 200
CGI Response Headers: 
Content-type: text/html; charset=UTF-8
CGI Response Body Length: 1159
CGI Response Status: 200
CGI Response Headers: 
Content-type: text/html; charset=UTF-8
CGI Response Body Length: 1390
CGI Response Status: 200
CGI Response Headers: 
Content-type: text/html; charset=UTF-8
CGI Response Body Length: 1369
<<<<<<< HEAD
CGI Response Status: 200
CGI Response Headers: 
Content-type: text/html; charset=UTF-8
CGI Response Body Length: 84382
CGI Response Status: 200
CGI Response Headers: 
Content-type: text/html; charset=UTF-8
Set-Cookie: user=returnVisitor; expires=Sun, 16-Feb-2025 16:28:47 GMT; Max-Age=3600
CGI Response Body Length: 122
CGI Response Status: 200
CGI Response Headers: 
Content-type: text/html; charset=UTF-8
Set-Cookie: user=returnVisitor; expires=Sun, 16-Feb-2025 16:28:52 GMT; Max-Age=3600
CGI Response Body Length: 122
CGI Response Status: 200
CGI Response Headers: 
Content-type: text/html; charset=UTF-8
Set-Cookie: user=returnVisitor; expires=Sun, 16-Feb-2025 16:28:53 GMT; Max-Age=3600
CGI Response Body Length: 122
CGI Response Status: 200
CGI Response Headers: 
Content-type: text/html; charset=UTF-8
Set-Cookie: user=returnVisitor; expires=Sun, 16-Feb-2025 16:28:53 GMT; Max-Age=3600
CGI Response Body Length: 122
=======
>>>>>>> c92c829 (remove parse body in get method)
